<?xml version="1.0" encoding="UTF-8" ?>
<testsuite tests="3" failures="0" name="pt.tecnico.ttt.server.TTTGameTest" time="0.013" errors="0" skipped="0">
  <properties>
[...]
</properties>
  <testcase classname="pt.tecnico.ttt.server.TTTGameTest" name="pt.tecnico.ttt.server.TTTGameTest.testOutOfBoundsBehaviour" time="0.013"/>
  <testcase classname="pt.tecnico.ttt.server.TTTGameTest" name="pt.tecnico.ttt.server.TTTGameTest.testWrongTurn" time="0"/>
  <testcase classname="pt.tecnico.ttt.server.TTTGameTest" name="pt.tecnico.ttt.server.TTTGameTest.testSuccessfulPlay" time="0"/>
</testsuite>